-------------------------------------------------------------------------------
Test set: com.example.watchlist_ms.MoviemsControllerUnitTests
-------------------------------------------------------------------------------
Tests run: 2, Failures: 0, Errors: 2, Skipped: 0, Time elapsed: 3.875 s <<< FAILURE! - in com.example.watchlist_ms.MoviemsControllerUnitTests
requestOneMovie_thenReturnJsonMovie  Time elapsed: 2.601 s  <<< ERROR!
org.springframework.web.util.NestedServletException: Request processing failed; nested exception is org.springframework.dao.DataAccessResourceFailureException: Could not create JPA EntityManager; nested exception is org.hibernate.service.spi.ServiceException: Unable to create requested service [org.hibernate.engine.jdbc.env.spi.JdbcEnvironment]
	at com.example.watchlist_ms.MoviemsControllerUnitTests.requestOneMovie_thenReturnJsonMovie(MoviemsControllerUnitTests.java:55)
Caused by: org.springframework.dao.DataAccessResourceFailureException: Could not create JPA EntityManager; nested exception is org.hibernate.service.spi.ServiceException: Unable to create requested service [org.hibernate.engine.jdbc.env.spi.JdbcEnvironment]
	at com.example.watchlist_ms.MoviemsControllerUnitTests.requestOneMovie_thenReturnJsonMovie(MoviemsControllerUnitTests.java:55)
Caused by: org.hibernate.service.spi.ServiceException: Unable to create requested service [org.hibernate.engine.jdbc.env.spi.JdbcEnvironment]
Caused by: org.hibernate.HibernateException: Access to DialectResolutionInfo cannot be null when 'hibernate.dialect' not set

requestAllMovies_thenReturnJsonMovieList  Time elapsed: 0 s  <<< ERROR!
org.springframework.web.util.NestedServletException: Request processing failed; nested exception is org.springframework.dao.DataAccessResourceFailureException: Could not create JPA EntityManager; nested exception is org.hibernate.service.spi.ServiceException: Unable to create requested service [org.hibernate.engine.jdbc.env.spi.JdbcEnvironment]
	at com.example.watchlist_ms.MoviemsControllerUnitTests.requestAllMovies_thenReturnJsonMovieList(MoviemsControllerUnitTests.java:45)
Caused by: org.springframework.dao.DataAccessResourceFailureException: Could not create JPA EntityManager; nested exception is org.hibernate.service.spi.ServiceException: Unable to create requested service [org.hibernate.engine.jdbc.env.spi.JdbcEnvironment]
	at com.example.watchlist_ms.MoviemsControllerUnitTests.requestAllMovies_thenReturnJsonMovieList(MoviemsControllerUnitTests.java:45)
Caused by: org.hibernate.service.spi.ServiceException: Unable to create requested service [org.hibernate.engine.jdbc.env.spi.JdbcEnvironment]
Caused by: org.hibernate.HibernateException: Access to DialectResolutionInfo cannot be null when 'hibernate.dialect' not set

